<?xml version='1.0' encoding='UTF-8'?>
<testsuite hostname="M800509.local" name="SpreadsheetSpec" tests="7" errors="0" failures="0" time="0.041">
                     <properties>
[...]
</properties>
                     <testcase classname="SpreadsheetSpec" name="createCellNames should return a list of cell names for the number of rows and columns given" time="0.031">
                                                 
                                               </testcase><testcase classname="SpreadsheetSpec" name="createCellNames should throw AssertionError if number of rows is &gt; 26" time="0.002">
                                                 
                                               </testcase><testcase classname="SpreadsheetSpec" name="createCellMap should prepare a map of cellName -&gt; Cell give a list of cell expressions" time="0.004">
                                                 
                                               </testcase><testcase classname="SpreadsheetSpec" name="detectRootCells should return a list of cellNames that are root cells (it does not depend on other cells)" time="0.003">
                                                 
                                               </testcase><testcase classname="SpreadsheetSpec" name="postfixVariables should return a list of cell names being referred to in a postfix expression" time="0.0">
                                                 
                                               </testcase><testcase classname="SpreadsheetSpec" name="postfixVariables should throw AssertionError if illegal cell names are detected" time="0.0">
                                                 
                                               </testcase><testcase classname="SpreadsheetSpec" name="evalSpreadsheet should return a hashMap of all the cells with individual values evaluated" time="0.001">
                                                 
                                               </testcase>
                     <system-out></system-out>
                     <system-err></system-err>
                   </testsuite>